<?xml version="1.0" encoding="UTF-8"?>
<!-- Generated by org.testng.reporters.JUnitXMLReporter -->
<testsuite ignored="0" hostname="DESKTOP-KMCTGLT" failures="1" tests="24" name="Test" time="722.968" errors="0" timestamp="2022-06-03T14:48:57 IST">
  <testcase classname="com.project_export_Test_Cases.Table_of_10" name="Test007_As_BookerwithSubmitand_ValidDetails" time="50.142"/>
  <testcase classname="com.project_export_Test_Cases.Table_of_10" name="Test008_As_BookerwithSubmitand_InvalidDetails" time="27.705"/>
  <testcase classname="com.project_export_Test_Cases.Table_of_10" name="Test009_As_BookerwithSaveand_ValidDetails" time="29.608"/>
  <testcase classname="com.project_export_Test_Cases.Table_of_10" name="Test010_As_BookerwithSaveand_InvalidDetails" time="10.824"/>
  <testcase classname="com.project_export_Test_Cases.Table_of_10" name="Test011_As_BookerandMemberwithSubmitand_ValidDetails" time="48.77"/>
  <testcase classname="com.project_export_Test_Cases.Table_of_10" name="Test012_As_BookerandMemberwithSubmitand_InvalidDetails" time="31.911"/>
  <testcase classname="com.project_export_Test_Cases.Table_of_10" name="Test013_As_BookerandMemberwithSaveand_ValidDetails" time="26.722"/>
  <testcase classname="com.project_export_Test_Cases.Table_of_10" name="Test014_As_BookerandMemberwithSubmitand_50percentCoupenCode" time="48.788"/>
  <testcase classname="com.project_export_Test_Cases.Table_of_10" name="Test015_As_BookerandMemberwithSubmitand_100percentCoupenCode" time="43.451"/>
  <testcase classname="com.project_export_Test_Cases.Table_of_10" name="Test016_As_BookerandMemberwithSubmitand_InvalidCoupenCode" time="12.29"/>
  <testcase classname="com.project_export_Test_Cases.Ticket_Booking_registeredUser" name="Test001_ticketBookingRegisteredUser_withValidDetails" time="12.603"/>
  <testcase classname="com.project_export_Test_Cases.Ticket_Booking_registeredUser" name="Test002_ticketBookingRegisteredUser_withInvalidDetails" time="8.945"/>
  <testcase classname="com.project_export_Test_Cases.Ticket_Booking_registeredUser" name="Test003_ticketBookingRegisteredUser_with50percentValidCoupenCodeDetails" time="14.77"/>
  <testcase classname="com.project_export_Test_Cases.Ticket_Booking_registeredUser" name="Test004_ticketBookingRegisteredUser_with100percentValidCoupenCodeDetails" time="23.168"/>
  <testcase classname="com.project_export_Test_Cases.Ticket_Booking_registeredUser" name="Test005_ticketBookingRegisteredUser_withInvalidCoupenCodeDetails" time="11.097"/>
  <testcase classname="com.project_export_Test_Cases.Ticket_Booking_registeredUser" name="Test006_ticketBookingRegisteredUser_withStadiumTour" time="12.4"/>
  <testcase classname="com.project_export_Test_Cases.SME_Zone_Test" name="Test021_Send_Q_to_Speaker_validDetails" time="9.98"/>
  <testcase classname="com.project_export_Test_Cases.SME_Zone_Test" name="Test022_Send_Q_to_Speaker_InvalidDetails" time="5.373"/>
  <testcase classname="com.project_export_Test_Cases.SME_Zone_Test" name="Test023_Send_Q_to_SME_validDetails" time="10.699"/>
  <testcase classname="com.project_export_Test_Cases.SME_Zone_Test" name="Test024_Send_Q_to_SME_InvalidDetails" time="4.697"/>
  <testcase classname="com.project_export_Test_Cases.Contact_Test" name="Test0019_contact_withvalidDetails" time="10.056"/>
  <testcase classname="com.project_export_Test_Cases.Contact_Test" name="Test0020_contact_with_InvalidDetails" time="8.939"/>
  <testcase classname="com.project_export_Test_Cases.Awards_Form" name="Test0017_Awards_Form_with_ValidDetails" time="12.636">
    <failure type="org.openqa.selenium.UnhandledAlertException" message="unexpected alert open: {Alert text : Please validate captcha to proceed.}
  (Session info: chrome=102.0.5005.63): Please validate captcha to proceed.
Build info: version: &amp;apos;4.0.0-beta-3&amp;apos;, revision: &amp;apos;5d108f9a67&amp;apos;
System info: host: &amp;apos;DESKTOP-KMCTGLT&amp;apos;, ip: &amp;apos;192.168.0.102&amp;apos;, os.name: &amp;apos;Windows 10&amp;apos;, os.arch: &amp;apos;amd64&amp;apos;, os.version: &amp;apos;10.0&amp;apos;, java.version: &amp;apos;18.0.1.1&amp;apos;
Driver info: org.openqa.selenium.chrome.ChromeDriver
Command: [825c8bcaa21bcfeb35b9b894b0757c42, findElement {using=xpath, value=//h3[@class=&amp;apos; toppad pageheading&amp;apos;]}]
Capabilities {acceptInsecureCerts: false, browserName: chrome, browserVersion: 102.0.5005.63, chrome: {chromedriverVersion: 102.0.5005.61 (0e59bcc00cc4..., userDataDir: C:\Users\lenovo\AppData\Loc...}, goog:chromeOptions: {debuggerAddress: localhost:53082}, javascriptEnabled: true, networkConnectionEnabled: false, pageLoadStrategy: normal, platform: WINDOWS, platformName: WINDOWS, proxy: Proxy(), se:cdp: ws://localhost:53082/devtoo..., se:cdpVersion: 102.0.5005.63, setWindowRect: true, strictFileInteractability: false, timeouts: {implicit: 0, pageLoad: 300000, script: 30000}, unhandledPromptBehavior: dismiss and notify, webauthn:extension:credBlob: true, webauthn:extension:largeBlob: true, webauthn:virtualAuthenticators: true}
Session ID: 825c8bcaa21bcfeb35b9b894b0757c42">
      <![CDATA[org.openqa.selenium.UnhandledAlertException: unexpected alert open: {Alert text : Please validate captcha to proceed.}
  (Session info: chrome=102.0.5005.63): Please validate captcha to proceed.
Build info: version: '4.0.0-beta-3', revision: '5d108f9a67'
System info: host: 'DESKTOP-KMCTGLT', ip: '192.168.0.102', os.name: 'Windows 10', os.arch: 'amd64', os.version: '10.0', java.version: '18.0.1.1'
Driver info: org.openqa.selenium.chrome.ChromeDriver
Command: [825c8bcaa21bcfeb35b9b894b0757c42, findElement {using=xpath, value=//h3[@class=' toppad pageheading']}]
Capabilities {acceptInsecureCerts: false, browserName: chrome, browserVersion: 102.0.5005.63, chrome: {chromedriverVersion: 102.0.5005.61 (0e59bcc00cc4..., userDataDir: C:\Users\lenovo\AppData\Loc...}, goog:chromeOptions: {debuggerAddress: localhost:53082}, javascriptEnabled: true, networkConnectionEnabled: false, pageLoadStrategy: normal, platform: WINDOWS, platformName: WINDOWS, proxy: Proxy(), se:cdp: ws://localhost:53082/devtoo..., se:cdpVersion: 102.0.5005.63, setWindowRect: true, strictFileInteractability: false, timeouts: {implicit: 0, pageLoad: 300000, script: 30000}, unhandledPromptBehavior: dismiss and notify, webauthn:extension:credBlob: true, webauthn:extension:largeBlob: true, webauthn:virtualAuthenticators: true}
Session ID: 825c8bcaa21bcfeb35b9b894b0757c42
at org.openqa.selenium.remote.codec.w3c.W3CHttpResponseCodec.decode(W3CHttpResponseCodec.java:129)
at org.openqa.selenium.remote.codec.w3c.W3CHttpResponseCodec.decode(W3CHttpResponseCodec.java:52)
at org.openqa.selenium.remote.HttpCommandExecutor.execute(HttpCommandExecutor.java:184)
at org.openqa.selenium.remote.service.DriverCommandExecutor.invokeExecute(DriverCommandExecutor.java:153)
at org.openqa.selenium.remote.service.DriverCommandExecutor.execute(DriverCommandExecutor.java:128)
at org.openqa.selenium.remote.RemoteWebDriver.execute(RemoteWebDriver.java:619)
at org.openqa.selenium.remote.RemoteWebDriver$Mechanism$2.findElement(RemoteWebDriver.java:1258)
at org.openqa.selenium.remote.RemoteWebDriver.findElement(RemoteWebDriver.java:386)
at org.openqa.selenium.remote.RemoteWebDriver.findElement(RemoteWebDriver.java:380)
at com.project_export_Test_Cases.Awards_Form.Test0017_Awards_Form_with_ValidDetails(Awards_Form.java:93)
at java.base/java.util.ArrayList.forEach(ArrayList.java:1511)
... Removed 25 stack frames]]>
    </failure>
  </testcase> <!-- Test0017_Awards_Form_with_ValidDetails -->
  <testcase classname="com.project_export_Test_Cases.Awards_Form" name="Test0018_Awards_Form_with_InvalidDetails" time="11.311"/>
</testsuite> <!-- Test -->
